2025-09-18 00:50:43 [info]: 🚀 Server running on port 5000
2025-09-18 00:50:43 [info]: ✅ MongoDB connected successfully
2025-09-18 00:52:07 [info]: 🚀 Server running on port 5000
2025-09-18 00:52:08 [info]: 🚀 Server running on port 5000
2025-09-18 00:52:08 [info]: ✅ MongoDB connected successfully
2025-09-18 11:20:16 [info]: 🚀 Server running on port 5000
2025-09-18 11:20:16 [info]: ✅ MongoDB connected successfully
2025-09-18 11:24:08 [info]: 🚀 Server running on port 5000
2025-09-18 11:24:08 [info]: ✅ MongoDB connected successfully
2025-09-18 11:24:13 [info]: 🚀 Server running on port 5000
2025-09-18 11:24:13 [info]: ✅ MongoDB connected successfully
2025-09-18 11:24:15 [info]: 🚀 Server running on port 5000
2025-09-18 11:24:15 [info]: ✅ MongoDB connected successfully
2025-09-18 11:24:24 [info]: 🚀 Server running on port 5000
2025-09-18 11:24:24 [info]: ✅ MongoDB connected successfully
2025-09-18 11:24:31 [info]: 🚀 Server running on port 5000
2025-09-18 11:24:32 [info]: ✅ MongoDB connected successfully
2025-09-18 11:24:34 [info]: 🚀 Server running on port 5000
2025-09-18 11:24:35 [info]: 🚀 Server running on port 5000
2025-09-18 11:24:35 [info]: ✅ MongoDB connected successfully
2025-09-18 11:24:42 [info]: 🚀 Server running on port 5000
2025-09-18 11:24:42 [info]: ✅ MongoDB connected successfully
2025-09-18 11:24:45 [info]: 🚀 Server running on port 5000
2025-09-18 11:24:45 [info]: ✅ MongoDB connected successfully
2025-09-18 11:24:57 [info]: 🚀 Server running on port 5000
2025-09-18 11:24:57 [info]: ✅ MongoDB connected successfully
2025-09-18 11:25:00 [info]: 🚀 Server running on port 5000
2025-09-18 11:25:00 [info]: ✅ MongoDB connected successfully
2025-09-18 11:25:03 [info]: 🚀 Server running on port 5000
2025-09-18 11:25:03 [info]: ✅ MongoDB connected successfully
2025-09-18 11:25:05 [info]: 🚀 Server running on port 5000
2025-09-18 11:25:06 [info]: ✅ MongoDB connected successfully
2025-09-18 11:28:14 [info]: 🚀 Server running on port 5000
2025-09-18 11:28:14 [info]: ✅ MongoDB connected successfully
2025-09-18 11:35:00 [info]: 🚀 Server running on port 5000
2025-09-18 11:35:01 [info]: ✅ MongoDB connected successfully
2025-09-18 12:27:25 [info]: 🚀 Server running on port 5000
2025-09-18 12:27:26 [info]: ✅ MongoDB connected successfully
2025-09-18 12:37:00 [info]: 🚀 Server running on port 5000
2025-09-18 12:37:01 [info]: ✅ MongoDB connected successfully
2025-09-18 14:27:33 [info]: 🚀 Server running on port 5000
2025-09-18 14:27:33 [info]: ✅ MongoDB connected successfully
2025-09-18 14:59:48 [info]: 🚀 Server running on port 5000
2025-09-18 14:59:49 [info]: ✅ MongoDB connected successfully
2025-09-18 15:02:55 [info]: ✅ MongoDB connected successfully
2025-09-18 15:02:55 [info]: 🚀 Server running on port 5000
2025-09-18 16:11:33 [info]: 🚀 Server running on port 5000
2025-09-18 16:11:33 [info]: ✅ MongoDB connected successfully
2025-09-18 16:12:21 [info]: 🚀 Server running on port 5000
2025-09-18 16:12:21 [info]: ✅ MongoDB connected successfully
2025-09-18 16:12:46 [info]: 🚀 Server running on port 5000
2025-09-18 16:12:47 [info]: ✅ MongoDB connected successfully
2025-09-18 16:13:03 [info]: 🚀 Server running on port 5000
2025-09-18 16:13:03 [info]: ✅ MongoDB connected successfully
2025-09-18 16:21:04 [info]: 🚀 Server running on port 5000
2025-09-18 16:21:05 [info]: ✅ MongoDB connected successfully
2025-09-18 16:21:29 [info]: 🚀 Server running on port 5000
2025-09-18 16:21:29 [info]: ✅ MongoDB connected successfully
2025-09-18 16:21:48 [info]: 🚀 Server running on port 5000
2025-09-18 16:21:48 [info]: ✅ MongoDB connected successfully
2025-09-18 16:22:19 [info]: 🚀 Server running on port 5000
2025-09-18 16:22:19 [info]: ✅ MongoDB connected successfully
2025-09-18 16:22:36 [info]: 🚀 Server running on port 5000
2025-09-18 16:22:36 [info]: ✅ MongoDB connected successfully
2025-09-18 16:46:33 [info]: 🚀 Server running on port 5000
2025-09-18 16:46:33 [info]: 🚀 Server running on port 5000
2025-09-18 16:46:33 [info]: ✅ MongoDB connected successfully
2025-09-18 16:46:34 [info]: ✅ MongoDB connected successfully
2025-09-18 16:46:53 [info]: 🚀 Server running on port 5000
2025-09-18 16:46:54 [info]: ✅ MongoDB connected successfully
2025-09-18 16:47:09 [info]: 🚀 Server running on port 5000
2025-09-18 16:47:09 [info]: 🚀 Server running on port 5000
2025-09-18 16:47:09 [info]: 🚀 Server running on port 5000
2025-09-18 16:47:09 [info]: ✅ MongoDB connected successfully
2025-09-18 16:47:09 [info]: ✅ MongoDB connected successfully
2025-09-18 16:47:09 [info]: ✅ MongoDB connected successfully
2025-09-18 16:48:35 [info]: 🚀 Server running on port 5000
2025-09-18 16:48:35 [info]: 🚀 Server running on port 5000
2025-09-18 16:48:36 [info]: 🚀 Server running on port 5000
2025-09-18 16:48:36 [info]: ✅ MongoDB connected successfully
2025-09-18 16:48:36 [info]: ✅ MongoDB connected successfully
2025-09-18 16:48:36 [info]: ✅ MongoDB connected successfully
2025-09-18 16:49:01 [info]: 🚀 Server running on port 5000
2025-09-18 16:49:01 [info]: 🚀 Server running on port 5000
2025-09-18 16:49:01 [info]: 🚀 Server running on port 5000
2025-09-18 16:49:01 [info]: ✅ MongoDB connected successfully
2025-09-18 16:49:01 [info]: ✅ MongoDB connected successfully
2025-09-18 16:49:01 [info]: ✅ MongoDB connected successfully
2025-09-18 16:49:17 [info]: 🚀 Server running on port 5000
2025-09-18 16:49:17 [info]: 🚀 Server running on port 5000
2025-09-18 16:49:17 [info]: 🚀 Server running on port 5000
2025-09-18 16:49:17 [info]: ✅ MongoDB connected successfully
2025-09-18 16:49:17 [info]: ✅ MongoDB connected successfully
2025-09-18 16:49:17 [info]: ✅ MongoDB connected successfully
2025-09-18 16:49:37 [info]: 🚀 Server running on port 5000
2025-09-18 16:49:37 [info]: 🚀 Server running on port 5000
2025-09-18 16:49:37 [info]: 🚀 Server running on port 5000
2025-09-18 16:49:37 [info]: ✅ MongoDB connected successfully
2025-09-18 16:49:37 [info]: ✅ MongoDB connected successfully
2025-09-18 16:49:37 [info]: ✅ MongoDB connected successfully
2025-09-18 16:49:43 [info]: 🚀 Server running on port 5000
2025-09-18 16:49:44 [info]: 🚀 Server running on port 5000
2025-09-18 16:49:44 [info]: 🚀 Server running on port 5000
2025-09-18 16:49:44 [info]: ✅ MongoDB connected successfully
2025-09-18 16:49:44 [info]: ✅ MongoDB connected successfully
2025-09-18 16:49:44 [info]: ✅ MongoDB connected successfully
2025-09-18 16:51:03 [info]: 🚀 Server running on port 5000
2025-09-18 16:51:03 [info]: 🚀 Server running on port 5000
2025-09-18 16:51:03 [info]: 🚀 Server running on port 5000
2025-09-18 16:51:03 [info]: ✅ MongoDB connected successfully
2025-09-18 16:51:03 [info]: ✅ MongoDB connected successfully
2025-09-18 16:51:03 [info]: ✅ MongoDB connected successfully
2025-09-18 16:51:10 [info]: 🚀 Server running on port 5000
2025-09-18 16:51:10 [info]: 🚀 Server running on port 5000
2025-09-18 16:51:10 [info]: 🚀 Server running on port 5000
2025-09-18 16:51:10 [info]: ✅ MongoDB connected successfully
2025-09-18 16:51:10 [info]: ✅ MongoDB connected successfully
2025-09-18 16:51:10 [info]: ✅ MongoDB connected successfully
2025-09-18 16:51:53 [info]: 🚀 Server running on port 5000
2025-09-18 16:51:53 [info]: 🚀 Server running on port 5000
2025-09-18 16:51:53 [info]: 🚀 Server running on port 5000
2025-09-18 16:51:53 [info]: ✅ MongoDB connected successfully
2025-09-18 16:51:53 [info]: ✅ MongoDB connected successfully
2025-09-18 16:51:53 [info]: ✅ MongoDB connected successfully
2025-09-18 16:52:23 [info]: 🚀 Server running on port 5000
2025-09-18 16:52:23 [info]: 🚀 Server running on port 5000
2025-09-18 16:52:23 [info]: 🚀 Server running on port 5000
2025-09-18 16:52:23 [info]: ✅ MongoDB connected successfully
2025-09-18 16:52:23 [info]: ✅ MongoDB connected successfully
2025-09-18 16:52:23 [info]: ✅ MongoDB connected successfully
2025-09-18 16:52:25 [info]: 🚀 Server running on port 5000
2025-09-18 16:52:25 [info]: 🚀 Server running on port 5000
2025-09-18 16:52:25 [info]: 🚀 Server running on port 5000
2025-09-18 16:52:26 [info]: ✅ MongoDB connected successfully
2025-09-18 16:52:26 [info]: ✅ MongoDB connected successfully
2025-09-18 16:52:26 [info]: ✅ MongoDB connected successfully
2025-09-18 16:52:29 [info]: 🚀 Server running on port 5000
2025-09-18 16:52:29 [info]: 🚀 Server running on port 5000
2025-09-18 16:52:29 [info]: 🚀 Server running on port 5000
2025-09-18 16:52:29 [info]: ✅ MongoDB connected successfully
2025-09-18 16:52:29 [info]: ✅ MongoDB connected successfully
2025-09-18 16:52:29 [info]: ✅ MongoDB connected successfully
2025-09-18 16:58:27 [info]: 🚀 Server running on port 5000
2025-09-18 16:58:27 [info]: 🚀 Server running on port 5000
2025-09-18 16:58:27 [info]: 🚀 Server running on port 5000
2025-09-18 16:58:27 [info]: ✅ MongoDB connected successfully
2025-09-18 16:58:27 [info]: ✅ MongoDB connected successfully
2025-09-18 16:58:27 [info]: ✅ MongoDB connected successfully
2025-09-18 16:59:08 [info]: User registered successfully
2025-09-18 17:15:57 [info]: SIGINT received. Shutting down gracefully...
2025-09-18 17:15:57 [info]: MongoDB connection closed
2025-09-18 17:18:27 [info]: SIGINT received. Shutting down gracefully...
2025-09-18 17:18:28 [info]: MongoDB connection closed
2025-09-18 17:18:40 [info]: 🚀 Server running on port 5000
2025-09-18 17:18:40 [info]: ✅ MongoDB connected successfully
2025-09-18 17:18:47 [info]: User registered successfully
2025-09-18 17:25:49 [info]: 🚀 Server running on port 5000
2025-09-18 17:25:49 [info]: ✅ MongoDB connected successfully
2025-09-18 17:27:05 [info]: 🚀 Server running on port 5000
2025-09-18 17:27:05 [info]: 🚀 Server running on port 5000
2025-09-18 17:27:05 [info]: ✅ MongoDB connected successfully
2025-09-18 17:27:07 [info]: 🚀 Server running on port 5000
2025-09-18 17:27:07 [info]: ✅ MongoDB connected successfully
2025-09-18 17:27:09 [info]: 🚀 Server running on port 5000
2025-09-18 17:27:10 [info]: ✅ MongoDB connected successfully
2025-09-18 17:27:37 [info]: User logged in successfully
2025-09-18 17:28:52 [info]: 🚀 Server running on port 5000
2025-09-18 17:28:52 [info]: ✅ MongoDB connected successfully
2025-09-18 17:28:56 [info]: 🚀 Server running on port 5000
2025-09-18 17:28:56 [info]: ✅ MongoDB connected successfully
2025-09-18 17:29:00 [info]: 🚀 Server running on port 5000
2025-09-18 17:29:00 [info]: ✅ MongoDB connected successfully
2025-09-18 17:29:06 [error]: SyntaxError: Expected property name or '}' in JSON at position 3 (line 2 column 2)
    at JSON.parse (<anonymous>)
    at parse (/Users/khalidrasen/Documents/task-manager-app/backend/node_modules/body-parser/lib/types/json.js:77:19)
    at /Users/khalidrasen/Documents/task-manager-app/backend/node_modules/body-parser/lib/read.js:123:18
    at AsyncResource.runInAsyncScope (node:async_hooks:211:14)
    at invokeCallback (/Users/khalidrasen/Documents/task-manager-app/backend/node_modules/raw-body/index.js:238:16)
    at done (/Users/khalidrasen/Documents/task-manager-app/backend/node_modules/raw-body/index.js:227:7)
    at IncomingMessage.onEnd (/Users/khalidrasen/Documents/task-manager-app/backend/node_modules/raw-body/index.js:287:7)
    at IncomingMessage.emit (node:events:519:28)
    at IncomingMessage.emit (node:domain:488:12)
    at endReadableNT (node:internal/streams/readable:1698:12)
2025-09-18 17:29:37 [info]: User logged out
2025-09-18 17:41:58 [info]: 🚀 Server running on port 5000
2025-09-18 17:41:58 [info]: ✅ MongoDB connected successfully
2025-09-18 17:45:24 [info]: 🚀 Server running on port 5000
2025-09-18 17:45:24 [info]: ✅ MongoDB connected successfully
2025-09-18 17:45:33 [info]: 🚀 Server running on port 5000
2025-09-18 17:45:33 [info]: ✅ MongoDB connected successfully
2025-09-18 17:51:24 [info]: 🚀 Server running on port 5000
2025-09-18 17:51:24 [info]: ✅ MongoDB connected successfully
2025-09-18 17:51:37 [info]: 🚀 Server running on port 5000
2025-09-18 17:51:37 [info]: ✅ MongoDB connected successfully
2025-09-18 17:51:51 [info]: 🚀 Server running on port 5000
2025-09-18 17:51:51 [info]: 🚀 Server running on port 5000
2025-09-18 17:51:51 [info]: ✅ MongoDB connected successfully
2025-09-18 17:51:51 [info]: ✅ MongoDB connected successfully
2025-09-18 17:51:55 [info]: 🚀 Server running on port 5000
2025-09-18 17:51:55 [info]: 🚀 Server running on port 5000
2025-09-18 17:51:55 [info]: ✅ MongoDB connected successfully
2025-09-18 17:51:55 [info]: ✅ MongoDB connected successfully
2025-09-18 17:51:58 [info]: 🚀 Server running on port 5000
2025-09-18 17:51:58 [info]: 🚀 Server running on port 5000
2025-09-18 17:51:59 [info]: ✅ MongoDB connected successfully
2025-09-18 17:51:59 [info]: ✅ MongoDB connected successfully
2025-09-18 17:52:02 [info]: 🚀 Server running on port 5000
2025-09-18 17:52:02 [info]: 🚀 Server running on port 5000
2025-09-18 17:52:02 [info]: ✅ MongoDB connected successfully
2025-09-18 17:52:02 [info]: ✅ MongoDB connected successfully
2025-09-18 17:52:35 [info]: 🚀 Server running on port 5000
2025-09-18 17:52:35 [info]: 🚀 Server running on port 5000
2025-09-18 17:52:35 [info]: ✅ MongoDB connected successfully
2025-09-18 17:52:35 [info]: ✅ MongoDB connected successfully
2025-09-19 01:05:41 [info]: 🚀 Server running on port 5000
2025-09-19 01:05:42 [info]: ✅ MongoDB connected successfully
2025-09-19 01:09:08 [warn]: Authentication failed
2025-09-19 01:09:08 [error]: AuthenticationError: Access token required
    at authenticateToken (/Users/khalidrasen/Documents/task-manager-app/backend/src/middlewares/authMiddleware.ts:34:13)
    at Layer.handleRequest (/Users/khalidrasen/Documents/task-manager-app/backend/node_modules/router/lib/layer.js:152:17)
    at trimPrefix (/Users/khalidrasen/Documents/task-manager-app/backend/node_modules/router/index.js:342:13)
    at /Users/khalidrasen/Documents/task-manager-app/backend/node_modules/router/index.js:297:9
    at processParams (/Users/khalidrasen/Documents/task-manager-app/backend/node_modules/router/index.js:582:12)
    at next (/Users/khalidrasen/Documents/task-manager-app/backend/node_modules/router/index.js:291:5)
    at Function.handle (/Users/khalidrasen/Documents/task-manager-app/backend/node_modules/router/index.js:186:3)
    at router (/Users/khalidrasen/Documents/task-manager-app/backend/node_modules/router/index.js:60:12)
    at Layer.handleRequest (/Users/khalidrasen/Documents/task-manager-app/backend/node_modules/router/lib/layer.js:152:17)
    at trimPrefix (/Users/khalidrasen/Documents/task-manager-app/backend/node_modules/router/index.js:342:13)
2025-09-19 01:29:45 [info]: 🚀 Server running on port 5000
2025-09-19 01:29:45 [info]: ✅ MongoDB connected successfully
2025-09-19 01:30:00 [info]: 🚀 Server running on port 5000
2025-09-19 01:30:01 [info]: ✅ MongoDB connected successfully
2025-09-19 01:33:41 [info]: 🚀 Server running on port 5000
2025-09-19 01:33:41 [info]: 🚀 Server running on port 5000
2025-09-19 01:33:42 [info]: ✅ MongoDB connected successfully
2025-09-19 01:33:42 [info]: ✅ MongoDB connected successfully
2025-09-19 01:42:54 [info]: 🚀 Server running on port 5000
2025-09-19 01:42:54 [info]: ✅ MongoDB connected successfully
2025-09-19 01:43:08 [info]: User registered successfully
2025-09-19 01:43:14 [warn]: Authentication failed
2025-09-19 01:43:14 [error]: AuthenticationError: Access token required
    at authenticateToken (/Users/khalidrasen/Documents/task-manager-app/backend/src/middlewares/authMiddleware.ts:39:13)
    at Layer.handleRequest (/Users/khalidrasen/Documents/task-manager-app/backend/node_modules/router/lib/layer.js:152:17)
    at trimPrefix (/Users/khalidrasen/Documents/task-manager-app/backend/node_modules/router/index.js:342:13)
    at /Users/khalidrasen/Documents/task-manager-app/backend/node_modules/router/index.js:297:9
    at processParams (/Users/khalidrasen/Documents/task-manager-app/backend/node_modules/router/index.js:582:12)
    at next (/Users/khalidrasen/Documents/task-manager-app/backend/node_modules/router/index.js:291:5)
    at Function.handle (/Users/khalidrasen/Documents/task-manager-app/backend/node_modules/router/index.js:186:3)
    at router (/Users/khalidrasen/Documents/task-manager-app/backend/node_modules/router/index.js:60:12)
    at Layer.handleRequest (/Users/khalidrasen/Documents/task-manager-app/backend/node_modules/router/lib/layer.js:152:17)
    at trimPrefix (/Users/khalidrasen/Documents/task-manager-app/backend/node_modules/router/index.js:342:13)
2025-09-19 01:45:51 [info]: 🚀 Server running on port 5000
2025-09-19 01:45:51 [info]: ✅ MongoDB connected successfully
2025-09-19 01:46:38 [info]: 🚀 Server running on port 5000
2025-09-19 01:46:38 [info]: ✅ MongoDB connected successfully
2025-09-19 01:47:52 [warn]: Authentication failed
2025-09-19 01:47:52 [error]: AuthenticationError: Access token required
    at authenticateToken (/Users/khalidrasen/Documents/task-manager-app/backend/src/middlewares/authMiddleware.ts:39:13)
    at Layer.handleRequest (/Users/khalidrasen/Documents/task-manager-app/backend/node_modules/router/lib/layer.js:152:17)
    at trimPrefix (/Users/khalidrasen/Documents/task-manager-app/backend/node_modules/router/index.js:342:13)
    at /Users/khalidrasen/Documents/task-manager-app/backend/node_modules/router/index.js:297:9
    at processParams (/Users/khalidrasen/Documents/task-manager-app/backend/node_modules/router/index.js:582:12)
    at next (/Users/khalidrasen/Documents/task-manager-app/backend/node_modules/router/index.js:291:5)
    at Function.handle (/Users/khalidrasen/Documents/task-manager-app/backend/node_modules/router/index.js:186:3)
    at router (/Users/khalidrasen/Documents/task-manager-app/backend/node_modules/router/index.js:60:12)
    at Layer.handleRequest (/Users/khalidrasen/Documents/task-manager-app/backend/node_modules/router/lib/layer.js:152:17)
    at trimPrefix (/Users/khalidrasen/Documents/task-manager-app/backend/node_modules/router/index.js:342:13)
2025-09-19 01:48:35 [info]: SIGTERM received. Shutting down gracefully...
2025-09-19 01:49:13 [info]: 🚀 Server running on port 5000
2025-09-19 01:49:13 [info]: ✅ MongoDB connected successfully
2025-09-19 01:49:18 [info]: SIGINT received. Shutting down gracefully...
