2025-09-18 17:27:05 [error]: Error: write EPIPE
    at afterWriteDispatched (node:internal/stream_base_commons:159:15)
    at writeGeneric (node:internal/stream_base_commons:150:3)
    at Socket._writeGeneric (node:net:958:11)
    at Socket._write (node:net:970:8)
    at writeOrBuffer (node:internal/streams/writable:572:12)
    at _write (node:internal/streams/writable:501:10)
    at Socket.Writable.write (node:internal/streams/writable:510:10)
    at Console.log (/Users/khalidrasen/Documents/task-manager-app/backend/node_modules/winston/lib/winston/transports/console.js:87:23)
    at Console._write (/Users/khalidrasen/Documents/task-manager-app/backend/node_modules/winston-transport/modern.js:103:17)
    at doWrite (/Users/khalidrasen/Documents/task-manager-app/backend/node_modules/readable-stream/lib/_stream_writable.js:390:139)
2025-09-18 17:29:06 [error]: SyntaxError: Expected property name or '}' in JSON at position 3 (line 2 column 2)
    at JSON.parse (<anonymous>)
    at parse (/Users/khalidrasen/Documents/task-manager-app/backend/node_modules/body-parser/lib/types/json.js:77:19)
    at /Users/khalidrasen/Documents/task-manager-app/backend/node_modules/body-parser/lib/read.js:123:18
    at AsyncResource.runInAsyncScope (node:async_hooks:211:14)
    at invokeCallback (/Users/khalidrasen/Documents/task-manager-app/backend/node_modules/raw-body/index.js:238:16)
    at done (/Users/khalidrasen/Documents/task-manager-app/backend/node_modules/raw-body/index.js:227:7)
    at IncomingMessage.onEnd (/Users/khalidrasen/Documents/task-manager-app/backend/node_modules/raw-body/index.js:287:7)
    at IncomingMessage.emit (node:events:519:28)
    at IncomingMessage.emit (node:domain:488:12)
    at endReadableNT (node:internal/streams/readable:1698:12)
2025-09-19 01:09:08 [error]: AuthenticationError: Access token required
    at authenticateToken (/Users/khalidrasen/Documents/task-manager-app/backend/src/middlewares/authMiddleware.ts:34:13)
    at Layer.handleRequest (/Users/khalidrasen/Documents/task-manager-app/backend/node_modules/router/lib/layer.js:152:17)
    at trimPrefix (/Users/khalidrasen/Documents/task-manager-app/backend/node_modules/router/index.js:342:13)
    at /Users/khalidrasen/Documents/task-manager-app/backend/node_modules/router/index.js:297:9
    at processParams (/Users/khalidrasen/Documents/task-manager-app/backend/node_modules/router/index.js:582:12)
    at next (/Users/khalidrasen/Documents/task-manager-app/backend/node_modules/router/index.js:291:5)
    at Function.handle (/Users/khalidrasen/Documents/task-manager-app/backend/node_modules/router/index.js:186:3)
    at router (/Users/khalidrasen/Documents/task-manager-app/backend/node_modules/router/index.js:60:12)
    at Layer.handleRequest (/Users/khalidrasen/Documents/task-manager-app/backend/node_modules/router/lib/layer.js:152:17)
    at trimPrefix (/Users/khalidrasen/Documents/task-manager-app/backend/node_modules/router/index.js:342:13)
